18:31:25.817 [main] INFO  testCases.TC_219_WalidacjaZakładkiEdytujInformacjeKontaTDD_MainAccountPage - ****Wyczyszczono pole Email****
18:31:26.076 [main] INFO  testCases.TC_219_WalidacjaZakładkiEdytujInformacjeKontaTDD_MainAccountPage - ****Wypełniono pola danymi z arkusza****
18:31:26.112 [main] INFO  testCases.TC_219_WalidacjaZakładkiEdytujInformacjeKontaTDD_MainAccountPage - ****Kliknięto przycisk 'zapisz'****
18:31:31.158 [main] INFO  testCases.TC_219_WalidacjaZakładkiEdytujInformacjeKontaTDD_MainAccountPage - ****Pojawił się komunikat walidacyjny****
18:31:31.158 [main] INFO  testCases.TC_219_WalidacjaZakładkiEdytujInformacjeKontaTDD_MainAccountPage - ****TC_219_WalidacjaZakładkiEdytujInformacjeKontaTDD_MainAccountPage zakończono powodzeniem****
18:31:33.021 [main] INFO  testCases.TC_219_WalidacjaZakładkiEdytujInformacjeKontaTDD_MainAccountPage - ****Uruchomiono stronę główną 'Luma'****
18:31:33.022 [main] INFO  testCases.TC_219_WalidacjaZakładkiEdytujInformacjeKontaTDD_MainAccountPage - ****Rozpoczęto TC_219_WalidacjaZakładkiEdytujInformacjeKontaTDD_MainAccountPage****
18:31:33.251 [main] INFO  testCases.TC_219_WalidacjaZakładkiEdytujInformacjeKontaTDD_MainAccountPage - ****Kliknięto przycisk zaloguj się****
18:31:33.459 [main] INFO  testCases.TC_219_WalidacjaZakładkiEdytujInformacjeKontaTDD_MainAccountPage - ****Wprowadzono email i hasło****
18:31:33.828 [main] INFO  testCases.TC_219_WalidacjaZakładkiEdytujInformacjeKontaTDD_MainAccountPage - ****Kliknięto przycisk zaloguj****
18:31:34.144 [main] INFO  testCases.TC_219_WalidacjaZakładkiEdytujInformacjeKontaTDD_MainAccountPage - ****Kliknięto przycisk 'Moje konto'****
18:31:34.574 [main] INFO  testCases.TC_219_WalidacjaZakładkiEdytujInformacjeKontaTDD_MainAccountPage - ****Kliknięto przycisk zakładkę : Dane Konta****
18:31:34.688 [main] INFO  testCases.TC_219_WalidacjaZakładkiEdytujInformacjeKontaTDD_MainAccountPage - ****Kliknięto przycisk : Zmień adres email****
18:31:34.737 [main] INFO  testCases.TC_219_WalidacjaZakładkiEdytujInformacjeKontaTDD_MainAccountPage - ****Kliknięto przycisk : Zmień hasło****
18:31:34.765 [main] INFO  testCases.TC_219_WalidacjaZakładkiEdytujInformacjeKontaTDD_MainAccountPage - ****Wyczyszczono pole Imię****
18:31:34.789 [main] INFO  testCases.TC_219_WalidacjaZakładkiEdytujInformacjeKontaTDD_MainAccountPage - ****Wyczyszczono pole Nazwisko****
18:31:34.809 [main] INFO  testCases.TC_219_WalidacjaZakładkiEdytujInformacjeKontaTDD_MainAccountPage - ****Wyczyszczono pole Email****
18:31:35.109 [main] INFO  testCases.TC_219_WalidacjaZakładkiEdytujInformacjeKontaTDD_MainAccountPage - ****Wypełniono pola danymi z arkusza****
18:31:35.146 [main] INFO  testCases.TC_219_WalidacjaZakładkiEdytujInformacjeKontaTDD_MainAccountPage - ****Kliknięto przycisk 'zapisz'****
18:31:40.199 [main] INFO  testCases.TC_219_WalidacjaZakładkiEdytujInformacjeKontaTDD_MainAccountPage - ****Pojawił się komunikat walidacyjny****
18:31:40.199 [main] INFO  testCases.TC_219_WalidacjaZakładkiEdytujInformacjeKontaTDD_MainAccountPage - ****TC_219_WalidacjaZakładkiEdytujInformacjeKontaTDD_MainAccountPage zakończono powodzeniem****
18:31:41.818 [main] INFO  testCases.TC_219_WalidacjaZakładkiEdytujInformacjeKontaTDD_MainAccountPage - ****Uruchomiono stronę główną 'Luma'****
18:31:41.818 [main] INFO  testCases.TC_219_WalidacjaZakładkiEdytujInformacjeKontaTDD_MainAccountPage - ****Rozpoczęto TC_219_WalidacjaZakładkiEdytujInformacjeKontaTDD_MainAccountPage****
18:31:42.044 [main] INFO  testCases.TC_219_WalidacjaZakładkiEdytujInformacjeKontaTDD_MainAccountPage - ****Kliknięto przycisk zaloguj się****
18:31:42.247 [main] INFO  testCases.TC_219_WalidacjaZakładkiEdytujInformacjeKontaTDD_MainAccountPage - ****Wprowadzono email i hasło****
18:31:42.615 [main] INFO  testCases.TC_219_WalidacjaZakładkiEdytujInformacjeKontaTDD_MainAccountPage - ****Kliknięto przycisk zaloguj****
18:31:42.945 [main] INFO  testCases.TC_219_WalidacjaZakładkiEdytujInformacjeKontaTDD_MainAccountPage - ****Kliknięto przycisk 'Moje konto'****
18:31:43.399 [main] INFO  testCases.TC_219_WalidacjaZakładkiEdytujInformacjeKontaTDD_MainAccountPage - ****Kliknięto przycisk zakładkę : Dane Konta****
18:31:43.523 [main] INFO  testCases.TC_219_WalidacjaZakładkiEdytujInformacjeKontaTDD_MainAccountPage - ****Kliknięto przycisk : Zmień adres email****
18:31:43.565 [main] INFO  testCases.TC_219_WalidacjaZakładkiEdytujInformacjeKontaTDD_MainAccountPage - ****Kliknięto przycisk : Zmień hasło****
18:31:43.592 [main] INFO  testCases.TC_219_WalidacjaZakładkiEdytujInformacjeKontaTDD_MainAccountPage - ****Wyczyszczono pole Imię****
18:31:43.615 [main] INFO  testCases.TC_219_WalidacjaZakładkiEdytujInformacjeKontaTDD_MainAccountPage - ****Wyczyszczono pole Nazwisko****
18:31:43.636 [main] INFO  testCases.TC_219_WalidacjaZakładkiEdytujInformacjeKontaTDD_MainAccountPage - ****Wyczyszczono pole Email****
18:31:43.891 [main] INFO  testCases.TC_219_WalidacjaZakładkiEdytujInformacjeKontaTDD_MainAccountPage - ****Wypełniono pola danymi z arkusza****
